[INFO] Scanning for projects...
[INFO] 
[INFO] ----------------------< com.example:pfe-service >-----------------------
[INFO] Building pfe-service 0.0.1-SNAPSHOT
[INFO]   from pom.xml
[INFO] --------------------------------[ jar ]---------------------------------
[INFO] 
[INFO] >>> spring-boot:3.4.2:run (default-cli) > test-compile @ pfe-service >>>
[INFO] 
[INFO] --- resources:3.3.1:resources (default-resources) @ pfe-service ---
[INFO] Copying 1 resource from src/main/resources to target/classes
[INFO] Copying 1 resource from src/main/resources to target/classes
[INFO] 
[INFO] --- compiler:3.13.0:compile (default-compile) @ pfe-service ---
[INFO] Nothing to compile - all classes are up to date.
[INFO] 
[INFO] --- resources:3.3.1:testResources (default-testResources) @ pfe-service ---
[INFO] skip non existing resourceDirectory /Users/achraf/Desktop/esprit/pidev/pfe-service/src/test/resources
[INFO] 
[INFO] --- compiler:3.13.0:testCompile (default-testCompile) @ pfe-service ---
[INFO] Nothing to compile - all classes are up to date.
[INFO] 
[INFO] <<< spring-boot:3.4.2:run (default-cli) < test-compile @ pfe-service <<<
[INFO] 
[INFO] 
[INFO] --- spring-boot:3.4.2:run (default-cli) @ pfe-service ---
[INFO] Attaching agents: []

  .   ____          _            __ _ _
 /\\ / ___'_ __ _ _(_)_ __  __ _ \ \ \ \
( ( )\___ | '_ | '_| | '_ \/ _` | \ \ \ \
 \\/  ___)| |_)| | | | | || (_| |  ) ) ) )
  '  |____| .__|_| |_|_| |_\__, | / / / /
 =========|_|==============|___/=/_/_/_/

 :: Spring Boot ::                (v3.4.2)

2025-02-25 23:55:55 -INFO -com.example.pfe_service.PfeServiceApplication Starting PfeServiceApplication using Java 23.0.1 with PID 72099 (/Users/achraf/Desktop/esprit/pidev/pfe-service/target/classes started by achraf in /Users/achraf/Desktop/esprit/pidev/pfe-service) 
2025-02-25 23:55:55 -INFO -com.example.pfe_service.PfeServiceApplication No active profile set, falling back to 1 default profile: "default" 
2025-02-25 23:55:55 -INFO -o.s.data.repository.config.RepositoryConfigurationDelegate Bootstrapping Spring Data JPA repositories in DEFAULT mode. 
2025-02-25 23:55:55 -INFO -o.s.data.repository.config.RepositoryConfigurationDelegate Finished Spring Data repository scanning in 35 ms. Found 8 JPA repository interfaces. 
2025-02-25 23:55:56 -INFO -o.springframework.boot.web.embedded.tomcat.TomcatWebServer Tomcat initialized with port 8089 (http) 
2025-02-25 23:55:56 -INFO -org.apache.catalina.core.StandardService Starting service [Tomcat] 
2025-02-25 23:55:56 -INFO -org.apache.catalina.core.StandardEngine Starting Servlet engine: [Apache Tomcat/10.1.34] 
2025-02-25 23:55:56 -INFO -o.a.catalina.core.ContainerBase.[Tomcat].[localhost].[/] Initializing Spring embedded WebApplicationContext 
2025-02-25 23:55:56 -INFO -o.s.b.web.servlet.context.ServletWebServerApplicationContext Root WebApplicationContext: initialization completed in 883 ms 
2025-02-25 23:55:56 -INFO -org.hibernate.jpa.internal.util.LogHelper HHH000204: Processing PersistenceUnitInfo [name: default] 
2025-02-25 23:55:56 -INFO -org.hibernate.Version HHH000412: Hibernate ORM core version 6.6.5.Final 
2025-02-25 23:55:56 -INFO -org.hibernate.cache.internal.RegionFactoryInitiator HHH000026: Second-level cache disabled 
2025-02-25 23:55:56 -INFO -o.s.orm.jpa.persistenceunit.SpringPersistenceUnitInfo No LoadTimeWeaver setup: ignoring JPA class transformer 
2025-02-25 23:55:56 -INFO -com.zaxxer.hikari.HikariDataSource HikariPool-1 - Starting... 
2025-02-25 23:55:57 -INFO -com.zaxxer.hikari.pool.HikariPool HikariPool-1 - Added connection org.postgresql.jdbc.PgConnection@3a709cc7 
2025-02-25 23:55:57 -INFO -com.zaxxer.hikari.HikariDataSource HikariPool-1 - Start completed. 
2025-02-25 23:55:58 -INFO -org.hibernate.orm.connections.pooling HHH10001005: Database info:
	Database JDBC URL [Connecting through datasource 'HikariDataSource (HikariPool-1)']
	Database driver: undefined/unknown
	Database version: 17.4
	Autocommit mode: undefined/unknown
	Isolation level: undefined/unknown
	Minimum pool size: undefined/unknown
	Maximum pool size: undefined/unknown 
2025-02-25 23:55:58 -INFO -o.h.e.transaction.jta.platform.internal.JtaPlatformInitiator HHH000489: No JTA platform available (set 'hibernate.transaction.jta.platform' to enable JTA platform integration) 
2025-02-25 23:56:03 -INFO -o.s.orm.jpa.LocalContainerEntityManagerFactoryBean Initialized JPA EntityManagerFactory for persistence unit 'default' 
2025-02-25 23:56:04 -WARN -o.s.b.a.orm.jpa.JpaBaseConfiguration$JpaWebConfiguration spring.jpa.open-in-view is enabled by default. Therefore, database queries may be performed during view rendering. Explicitly configure spring.jpa.open-in-view to disable this warning 
2025-02-25 23:56:04 -INFO -o.s.validation.beanvalidation.OptionalValidatorFactoryBean Failed to set up a Bean Validation provider: jakarta.validation.NoProviderFoundException: Unable to create a Configuration, because no Jakarta Bean Validation provider could be found. Add a provider like Hibernate Validator (RI) to your classpath. 
2025-02-25 23:56:04 -INFO -o.springframework.boot.web.embedded.tomcat.TomcatWebServer Tomcat started on port 8089 (http) with context path '/' 
2025-02-25 23:56:04 -INFO -com.example.pfe_service.PfeServiceApplication Started PfeServiceApplication in 9.612 seconds (process running for 9.836) 
2025-02-25 23:56:08 -INFO -o.a.catalina.core.ContainerBase.[Tomcat].[localhost].[/] Initializing Spring DispatcherServlet 'dispatcherServlet' 
2025-02-25 23:56:08 -INFO -org.springframework.web.servlet.DispatcherServlet Initializing Servlet 'dispatcherServlet' 
2025-02-25 23:56:08 -INFO -org.springframework.web.servlet.DispatcherServlet Completed initialization in 1 ms 
2025-02-25 23:57:33 -INFO -com.example.pfe_service.service.PfeService Creating new Pfe with title: Test PFE 
Hibernate: insert into pfe (created_at,description,github_url,open_for,processing,rapport_url,student_id,title,updated_at,video_url) values (?,?,?,?,?,?,?,?,?,?)
Hibernate: insert into pfe_technologies (pfe_id,technologies) values (?,?)
Hibernate: insert into pfe_technologies (pfe_id,technologies) values (?,?)
2025-02-25 23:57:42 -INFO -com.example.pfe_service.service.ProposalService Creating proposal with studentId: test-student-id, pfeId: 4 
Hibernate: select p1_0.id,p1_0.created_at,p1_0.description,p1_0.github_url,p1_0.open_for,p1_0.processing,p1_0.rapport_url,p1_0.student_id,p1_0.title,p1_0.updated_at,p1_0.video_url from pfe p1_0 where p1_0.id=?
Hibernate: insert into proposal (company_id,created_at,message,pfe_id,responded_at,status,student_id) values (?,?,?,?,?,?,?)
Hibernate: select t1_0.pfe_id,t1_0.technologies from pfe_technologies t1_0 where t1_0.pfe_id=?
Hibernate: select p1_0.pfe_id,p1_0.id,p1_0.company_id,p1_0.created_at,p1_0.message,p1_0.responded_at,p1_0.status,p1_0.student_id,tt1_0.id,tt1_0.created_at,tt1_0.deadline,tt1_0.description,tt1_0.is_completed,tt1_0.score,tt1_0.title from proposal p1_0 left join technical_test tt1_0 on p1_0.id=tt1_0.proposal_id where p1_0.pfe_id=?
[INFO] ------------------------------------------------------------------------
[INFO] BUILD FAILURE
[INFO] ------------------------------------------------------------------------
[INFO] Total time:  04:40 min
[INFO] Finished at: 2025-02-26T00:00:34+01:00
[INFO] ------------------------------------------------------------------------
[ERROR] Failed to execute goal org.springframework.boot:spring-boot-maven-plugin:3.4.2:run (default-cli) on project pfe-service: Process terminated with exit code: 137 -> [Help 1]
[ERROR] 
[ERROR] To see the full stack trace of the errors, re-run Maven with the -e switch.
[ERROR] Re-run Maven using the -X switch to enable full debug logging.
[ERROR] 
[ERROR] For more information about the errors and possible solutions, please read the following articles:
[ERROR] [Help 1] http://cwiki.apache.org/confluence/display/MAVEN/MojoExecutionException
